#
# There is insufficient memory for the Java Runtime Environment to continue.
# Native memory allocation (malloc) failed to allocate 32744 bytes for ChunkPool::allocate
# Possible reasons:
#   The system is out of physical RAM or swap space
#   In 32 bit mode, the process size limit was hit
# Possible solutions:
#   Reduce memory load on the system
#   Increase physical memory or swap space
#   Check if swap backing store is full
#   Use 64 bit Java on a 64 bit OS
#   Decrease Java heap size (-Xmx/-Xms)
#   Decrease number of Java threads
#   Decrease Java thread stack sizes (-Xss)
#   Set larger code cache with -XX:ReservedCodeCacheSize=
# This output file may be truncated or incomplete.
#
#  Out of Memory Error (allocation.cpp:211), pid=11332, tid=7472
#
# JRE version: Java(TM) SE Runtime Environment (7.0_51-b13) (build 1.7.0_51-b13)
# Java VM: Java HotSpot(TM) 64-Bit Server VM (24.51-b03 mixed mode windows-amd64 compressed oops)
# Failed to write core dump. Minidumps are not enabled by default on client versions of Windows
#

---------------  T H R E A D  ---------------

Current thread (0x000000000841e800):  JavaThread "C2 CompilerThread0" daemon [_thread_in_native, id=7472, stack(0x00000000093c0000,0x00000000094c0000)]

Stack: [0x00000000093c0000,0x00000000094c0000]
[error occurred during error reporting (printing stack bounds), id 0xc0000005]


[error occurred during error reporting (printing native stack), id 0xc0000005]


Current CompileTask:
C2:  13895  120             com.google.gson.stream.JsonWriter::string (169 bytes)


---------------  P R O C E S S  ---------------

Java Threads: ( => current thread )
  0x000000000a282000 JavaThread "Thread-7" daemon [_thread_in_native, id=3648, stack(0x000000000ba70000,0x000000000bb70000)]
  0x000000000a2a2000 JavaThread "Thread-6" daemon [_thread_in_native, id=11896, stack(0x000000000b970000,0x000000000ba70000)]
  0x000000000a77e000 JavaThread "Thread-5" [_thread_in_native, id=11512, stack(0x000000000b870000,0x000000000b970000)]
  0x0000000009981800 JavaThread "ReaderThread" [_thread_in_native, id=8160, stack(0x0000000009fa0000,0x000000000a0a0000)]
  0x0000000008431800 JavaThread "Service Thread" daemon [_thread_blocked, id=7624, stack(0x00000000095c0000,0x00000000096c0000)]
  0x0000000008425800 JavaThread "C2 CompilerThread1" daemon [_thread_blocked, id=12096, stack(0x00000000094c0000,0x00000000095c0000)]
=>0x000000000841e800 JavaThread "C2 CompilerThread0" daemon [_thread_in_native, id=7472, stack(0x00000000093c0000,0x00000000094c0000)]
  0x000000000841c000 JavaThread "Attach Listener" daemon [_thread_blocked, id=11020, stack(0x00000000092c0000,0x00000000093c0000)]
  0x000000000841b000 JavaThread "Signal Dispatcher" daemon [_thread_blocked, id=11972, stack(0x00000000091c0000,0x00000000092c0000)]
  0x00000000083e8800 JavaThread "Finalizer" daemon [_thread_in_native, id=12072, stack(0x00000000090c0000,0x00000000091c0000)]
  0x00000000083de000 JavaThread "Reference Handler" daemon [_thread_blocked, id=12152, stack(0x0000000008fc0000,0x00000000090c0000)]
  0x00000000026d2800 JavaThread "main" [_thread_in_native, id=11468, stack(0x0000000002530000,0x0000000002630000)]

Other Threads:
  0x00000000083db800 VMThread [stack: 0x0000000008ec0000,0x0000000008fc0000] [id=11044]
  0x000000000843c800 WatcherThread [stack: 0x00000000096c0000,0x00000000097c0000] [id=11388]

VM state:not at safepoint (normal execution)

VM Mutex/Monitor currently owned by a thread: None

Heap
 PSYoungGen      total 19456K, used 2875K [0x00000000eaa80000, 0x00000000ec000000, 0x0000000100000000)
  eden space 16896K, 1% used [0x00000000eaa80000,0x00000000eaad2c08,0x00000000ebb00000)
  from space 2560K, 99% used [0x00000000ebb00000,0x00000000ebd7c020,0x00000000ebd80000)
  to   space 2560K, 0% used [0x00000000ebd80000,0x00000000ebd80000,0x00000000ec000000)
 ParOldGen       total 43520K, used 5420K [0x00000000c0000000, 0x00000000c2a80000, 0x00000000eaa80000)
  object space 43520K, 12% used [0x00000000c0000000,0x00000000c054b160,0x00000000c2a80000)
 PSPermGen       total 21504K, used 15773K [0x00000000bae00000, 0x00000000bc300000, 0x00000000c0000000)
  object space 21504K, 73% used [0x00000000bae00000,0x00000000bbd67680,0x00000000bc300000)

Card table byte_map: [0x0000000005890000,0x0000000005ac0000] byte_map_base: 0x00000000052b9000

Polling page: 0x0000000000d20000

Code Cache  [0x00000000027d0000, 0x0000000002a40000, 0x00000000057d0000)
 total_blobs=413 nmethods=119 adapters=247 free_code_cache=48452Kb largest_free_block=49594560

Compilation events (10 events):
Event: 11.598 Thread 0x0000000008425800 nmethod 114 0x000000000286dfd0 code [0x000000000286e120, 0x000000000286e218]
Event: 11.641 Thread 0x000000000841e800  116             java.util.concurrent.ConcurrentHashMap$Segment::rehash (262 bytes)
Event: 11.647 Thread 0x000000000841e800 nmethod 116 0x0000000002877990 code [0x0000000002877b00, 0x0000000002878018]
Event: 11.782 Thread 0x0000000008425800  117             java.util.concurrent.locks.AbstractOwnableSynchronizer::setExclusiveOwnerThread (6 bytes)
Event: 11.783 Thread 0x0000000008425800 nmethod 117 0x000000000287b290 code [0x000000000287b3c0, 0x000000000287b418]
Event: 11.783 Thread 0x0000000008425800  118             java.util.concurrent.locks.AbstractQueuedSynchronizer::getState (5 bytes)
Event: 11.783 Thread 0x0000000008425800 nmethod 118 0x0000000002882610 code [0x0000000002882740, 0x0000000002882798]
Event: 11.801 Thread 0x000000000841e800  119             java.lang.ref.Reference::get (5 bytes)
Event: 11.801 Thread 0x000000000841e800 nmethod 119 0x0000000002882410 code [0x0000000002882540, 0x0000000002882598]
Event: 13.856 Thread 0x000000000841e800  120             com.google.gson.stream.JsonWriter::string (169 bytes)

GC Heap History (4 events):
Event: 1.809 GC heap before
{Heap before GC invocations=1 (full 0):
 PSYoungGen      total 19456K, used 16896K [0x00000000eaa80000, 0x00000000ec000000, 0x0000000100000000)
  eden space 16896K, 100% used [0x00000000eaa80000,0x00000000ebb00000,0x00000000ebb00000)
  from space 2560K, 0% used [0x00000000ebd80000,0x00000000ebd80000,0x00000000ec000000)
  to   space 2560K, 0% used [0x00000000ebb00000,0x00000000ebb00000,0x00000000ebd80000)
 ParOldGen       total 43520K, used 0K [0x00000000c0000000, 0x00000000c2a80000, 0x00000000eaa80000)
  object space 43520K, 0% used [0x00000000c0000000,0x00000000c0000000,0x00000000c2a80000)
 PSPermGen       total 21504K, used 8993K [0x00000000bae00000, 0x00000000bc300000, 0x00000000c0000000)
  object space 21504K, 41% used [0x00000000bae00000,0x00000000bb6c8668,0x00000000bc300000)
Event: 1.817 GC heap after
Heap after GC invocations=1 (full 0):
 PSYoungGen      total 19456K, used 2539K [0x00000000eaa80000, 0x00000000ec000000, 0x0000000100000000)
  eden space 16896K, 0% used [0x00000000eaa80000,0x00000000eaa80000,0x00000000ebb00000)
  from space 2560K, 99% used [0x00000000ebb00000,0x00000000ebd7ae08,0x00000000ebd80000)
  to   space 2560K, 0% used [0x00000000ebd80000,0x00000000ebd80000,0x00000000ec000000)
 ParOldGen       total 43520K, used 1299K [0x00000000c0000000, 0x00000000c2a80000, 0x00000000eaa80000)
  object space 43520K, 2% used [0x00000000c0000000,0x00000000c0144f58,0x00000000c2a80000)
 PSPermGen       total 21504K, used 8993K [0x00000000bae00000, 0x00000000bc300000, 0x00000000c0000000)
  object space 21504K, 41% used [0x00000000bae00000,0x00000000bb6c8668,0x00000000bc300000)
}
Event: 8.348 GC heap before
{Heap before GC invocations=2 (full 0):
 PSYoungGen      total 19456K, used 19435K [0x00000000eaa80000, 0x00000000ec000000, 0x0000000100000000)
  eden space 16896K, 100% used [0x00000000eaa80000,0x00000000ebb00000,0x00000000ebb00000)
  from space 2560K, 99% used [0x00000000ebb00000,0x00000000ebd7ae08,0x00000000ebd80000)
  to   space 2560K, 0% used [0x00000000ebd80000,0x00000000ebd80000,0x00000000ec000000)
 ParOldGen       total 43520K, used 1299K [0x00000000c0000000, 0x00000000c2a80000, 0x00000000eaa80000)
  object space 43520K, 2% used [0x00000000c0000000,0x00000000c0144f58,0x00000000c2a80000)
 PSPermGen       total 21504K, used 13152K [0x00000000bae00000, 0x00000000bc300000, 0x00000000c0000000)
  object space 21504K, 61% used [0x00000000bae00000,0x00000000bbad8190,0x00000000bc300000)
Event: 8.359 GC heap after
Heap after GC invocations=2 (full 0):
 PSYoungGen      total 19456K, used 2532K [0x00000000eaa80000, 0x00000000ec000000, 0x0000000100000000)
  eden space 16896K, 0% used [0x00000000eaa80000,0x00000000eaa80000,0x00000000ebb00000)
  from space 2560K, 98% used [0x00000000ebd80000,0x00000000ebff9128,0x00000000ec000000)
  to   space 2560K, 0% used [0x00000000ebb00000,0x00000000ebb00000,0x00000000ebd80000)
 ParOldGen       total 43520K, used 2924K [0x00000000c0000000, 0x00000000c2a80000, 0x00000000eaa80000)
  object space 43520K, 6% used [0x00000000c0000000,0x00000000c02db2d8,0x00000000c2a80000)
 PSPermGen       total 21504K, used 13152K [0x00000000bae00000, 0x00000000bc300000, 0x00000000c0000000)
  object space 21504K, 61% used [0x00000000bae00000,0x00000000bbad8190,0x00000000bc300000)
}

Deoptimization events (9 events):
Event: 0.929 Thread 0x00000000026d2800 Uncommon trap: reason=null_check action=make_not_entrant pc=0x0000000002836fb8 method=java.lang.String.equals(Ljava/lang/Object;)Z @ 8
Event: 1.755 Thread 0x00000000026d2800 Uncommon trap: reason=class_check action=maybe_recompile pc=0x000000000284ffb0 method=java.util.zip.InflaterInputStream.read([BII)I @ 100
Event: 1.755 Thread 0x00000000026d2800 Uncommon trap: reason=class_check action=maybe_recompile pc=0x000000000284ffb0 method=java.util.zip.InflaterInputStream.read([BII)I @ 100
Event: 1.757 Thread 0x00000000026d2800 Uncommon trap: reason=class_check action=maybe_recompile pc=0x000000000284ffb0 method=java.util.zip.InflaterInputStream.read([BII)I @ 100
Event: 1.757 Thread 0x00000000026d2800 Uncommon trap: reason=class_check action=maybe_recompile pc=0x000000000284ffb0 method=java.util.zip.InflaterInputStream.read([BII)I @ 100
Event: 2.046 Thread 0x00000000026d2800 Uncommon trap: reason=unreached action=reinterpret pc=0x0000000002853498 method=java.lang.AbstractStringBuilder.append(Ljava/lang/String;)Ljava/lang/AbstractStringBuilder; @ 1
Event: 8.414 Thread 0x00000000026d2800 Uncommon trap: reason=null_check action=make_not_entrant pc=0x0000000002875a44 method=java.util.jar.Attributes.putValue(Ljava/lang/String;Ljava/lang/String;)Ljava/lang/String; @ 13
Event: 8.535 Thread 0x00000000026d2800 Uncommon trap: reason=class_check action=maybe_recompile pc=0x0000000002835ec0 method=java.util.Properties$LineReader.readLine()I @ 62
Event: 8.535 Thread 0x00000000026d2800 Uncommon trap: reason=class_check action=maybe_recompile pc=0x0000000002835ec0 method=java.util.Properties$LineReader.readLine()I @ 62

Internal exceptions (10 events):
Event: 13.829 Thread 0x00000000026d2800 Threw 0x00000000eba81890 at C:\re\jdk7u51\527\hotspot\src\share\vm\prims\jvm.cpp:1244
Event: 13.829 Thread 0x00000000026d2800 Threw 0x00000000eba8a0f8 at C:\re\jdk7u51\527\hotspot\src\share\vm\prims\jvm.cpp:1244
Event: 13.830 Thread 0x00000000026d2800 Threw 0x00000000eba8e6f0 at C:\re\jdk7u51\527\hotspot\src\share\vm\prims\jvm.cpp:1244
Event: 13.830 Thread 0x00000000026d2800 Threw 0x00000000eba92028 at C:\re\jdk7u51\527\hotspot\src\share\vm\prims\jvm.cpp:1244
Event: 13.831 Thread 0x00000000026d2800 Threw 0x00000000eba95c50 at C:\re\jdk7u51\527\hotspot\src\share\vm\prims\jvm.cpp:1244
Event: 13.831 Thread 0x00000000026d2800 Threw 0x00000000eba9b1f8 at C:\re\jdk7u51\527\hotspot\src\share\vm\prims\jvm.cpp:1244
Event: 13.832 Thread 0x00000000026d2800 Threw 0x00000000ebaa22c0 at C:\re\jdk7u51\527\hotspot\src\share\vm\prims\jvm.cpp:1244
Event: 13.837 Thread 0x00000000026d2800 Threw 0x00000000ebaadfa0 at C:\re\jdk7u51\527\hotspot\src\share\vm\prims\jvm.cpp:1244
Event: 13.852 Thread 0x00000000026d2800 Threw 0x00000000ebab5a50 at C:\re\jdk7u51\527\hotspot\src\share\vm\prims\jvm.cpp:1244
Event: 13.854 Thread 0x00000000026d2800 Threw 0x00000000ebac1218 at C:\re\jdk7u51\527\hotspot\src\share\vm\prims\jvm.cpp:1244

Events (10 events):
Event: 13.832 loading class 0x000000000a757280
Event: 13.832 loading class 0x000000000a757280 done
Event: 13.836 loading class 0x0000000002746a60
Event: 13.836 loading class 0x0000000002746a60 done
Event: 13.837 loading class 0x000000000a75ab00
Event: 13.837 loading class 0x000000000a75ab00 done
Event: 13.852 loading class 0x0000000009b07d50
Event: 13.852 loading class 0x0000000009b07d50 done
Event: 13.854 loading class 0x0000000009b2d4e0
Event: 13.854 loading class 0x0000000009b2d4e0 done


Dynamic libraries:
0x000007f660d10000 - 0x000007f660d43000 	C:\Program Files\Java\jdk1.7.0_51\bin\javaw.exe
0x000007fb06df0000 - 0x000007fb06fad000 	C:\Windows\SYSTEM32\ntdll.dll
0x000007fb04340000 - 0x000007fb04477000 	C:\Windows\system32\KERNEL32.DLL
0x000007fb03f90000 - 0x000007fb04084000 	C:\Windows\system32\KERNELBASE.dll
0x000007fb044d0000 - 0x000007fb045ae000 	C:\Windows\system32\ADVAPI32.dll
0x000007fb041c0000 - 0x000007fb0430c000 	C:\Windows\system32\USER32.dll
0x000007fb01b20000 - 0x000007fb01d8a000 	C:\Windows\WinSxS\amd64_microsoft.windows.common-controls_6595b64144ccf1df_6.0.9200.17359_none_4188b989718cf1c6\COMCTL32.dll
0x000007fb05580000 - 0x000007fb05625000 	C:\Windows\system32\msvcrt.dll
0x000007fb05100000 - 0x000007fb05148000 	C:\Windows\SYSTEM32\sechost.dll
0x000007fb048c0000 - 0x000007fb04a05000 	C:\Windows\system32\RPCRT4.dll
0x000007fb04770000 - 0x000007fb048b1000 	C:\Windows\system32\GDI32.dll
0x000007fb04660000 - 0x000007fb04699000 	C:\Windows\system32\IMM32.DLL
0x000007fb06980000 - 0x000007fb06a95000 	C:\Windows\system32\MSCTF.dll
0x0000000054410000 - 0x00000000544e2000 	C:\Program Files\Java\jdk1.7.0_51\jre\bin\msvcr100.dll
0x0000000054690000 - 0x0000000054e59000 	C:\Program Files\Java\jdk1.7.0_51\jre\bin\server\jvm.dll
0x000007fb01ac0000 - 0x000007fb01ac9000 	C:\Windows\SYSTEM32\WSOCK32.dll
0x000007fb00900000 - 0x000007fb00920000 	C:\Windows\SYSTEM32\WINMM.dll
0x000007fb06de0000 - 0x000007fb06de7000 	C:\Windows\system32\PSAPI.DLL
0x000007fb04c60000 - 0x000007fb04cb8000 	C:\Windows\system32\WS2_32.dll
0x000007fb00840000 - 0x000007fb00873000 	C:\Windows\SYSTEM32\WINMMBASE.dll
0x000007fb04310000 - 0x000007fb04319000 	C:\Windows\system32\NSI.dll
0x000007fb03d30000 - 0x000007fb03d7f000 	C:\Windows\SYSTEM32\cfgmgr32.dll
0x000007fb03f60000 - 0x000007fb03f82000 	C:\Windows\system32\DEVOBJ.dll
0x0000000055c00000 - 0x0000000055c0f000 	C:\Program Files\Java\jdk1.7.0_51\jre\bin\verify.dll
0x0000000054580000 - 0x00000000545a8000 	C:\Program Files\Java\jdk1.7.0_51\jre\bin\java.dll
0x0000000054560000 - 0x0000000054575000 	C:\Program Files\Java\jdk1.7.0_51\jre\bin\zip.dll
0x0000000054540000 - 0x0000000054559000 	C:\Program Files\Java\jdk1.7.0_51\jre\bin\net.dll
0x000007fb03470000 - 0x000007fb034cc000 	C:\Windows\system32\mswsock.dll
0x000007fb03270000 - 0x000007fb0330c000 	C:\Windows\SYSTEM32\DNSAPI.dll
0x000007faff740000 - 0x000007faff7a1000 	C:\Windows\System32\fwpuclnt.dll
0x000007fb03500000 - 0x000007fb0351a000 	C:\Windows\SYSTEM32\CRYPTSP.dll
0x000007fb031b0000 - 0x000007fb031fb000 	C:\Windows\system32\rsaenh.dll
0x000007fb041a0000 - 0x000007fb041bf000 	C:\Windows\system32\USERENV.dll
0x000007fb03cf0000 - 0x000007fb03d05000 	C:\Windows\system32\profapi.dll
0x000007fb03aa0000 - 0x000007fb03aaa000 	C:\Windows\SYSTEM32\CRYPTBASE.dll
0x000007fb03a40000 - 0x000007fb03a9c000 	C:\Windows\SYSTEM32\bcryptPrimitives.dll
0x000007fafd7d0000 - 0x000007fafd7e4000 	C:\Windows\system32\napinsp.dll
0x000007fb01d90000 - 0x000007fb01da6000 	C:\Windows\system32\NLAapi.dll
0x000007fafd7f0000 - 0x000007fafd802000 	C:\Windows\System32\winrnr.dll
0x000007fafd810000 - 0x000007fafd828000 	C:\Windows\system32\pnrpnsp.dll
0x000007fb00b10000 - 0x000007fb00b3a000 	C:\Windows\SYSTEM32\IPHLPAPI.DLL
0x000007fb00b40000 - 0x000007fb00b4a000 	C:\Windows\SYSTEM32\WINNSI.DLL
0x0000000054520000 - 0x0000000054531000 	C:\Program Files\Java\jdk1.7.0_51\jre\bin\nio.dll
0x000007fb00880000 - 0x000007fb00893000 	C:\Windows\SYSTEM32\dhcpcsvc6.DLL
0x000007fb00820000 - 0x000007fb00838000 	C:\Windows\SYSTEM32\dhcpcsvc.DLL
0x000007fafda30000 - 0x000007fafdace000 	C:\Windows\system32\apphelp.dll
0x00000000544f0000 - 0x0000000054514000 	C:\Program Files\Java\jdk1.7.0_51\jre\bin\sunec.dll
0x0000000055bf0000 - 0x0000000055bfb000 	C:\Program Files\Java\jdk1.7.0_51\jre\bin\sunmscapi.dll
0x000007fb03d80000 - 0x000007fb03f51000 	C:\Windows\system32\CRYPT32.dll
0x000007fb03d10000 - 0x000007fb03d26000 	C:\Windows\system32\MSASN1.dll

VM Arguments:
jvm_args: -ea -Dfile.encoding=Cp1252 
java_command: org.testng.remote.RemoteTestNG -serport 54635 -d C:\Users\Pratyush.jaiswal\NewWorkSpace\entrustenergy\test-output C:\Users\PRATYU~1.JAI\AppData\Local\Temp\testng-eclipse--1668601473\testng-customsuite.xml
Launcher Type: SUN_STANDARD

Environment Variables:
JAVA_HOME=C:\Program Files\Java\jdk1.7.0_51\bin
PATH=C:/Program Files/Java/jdk1.7.0_51/bin/../jre/bin/server;C:/Program Files/Java/jdk1.7.0_51/bin/../jre/bin;C:/Program Files/Java/jdk1.7.0_51/bin/../jre/lib/amd64;C:\Program Files\Java\jdk1.7.0_51\bin;C:\Windows\system32;C:\Windows;C:\Windows\System32\Wbem;C:\Windows\System32\WindowsPowerShell\v1.0\;C:\Program Files (x86)\Mozilla Firefox\firefox.exe;C:\Program Files (x86)\Skype\Phone\;C:\eclipse;
USERNAME=pratyush.jaiswal
OS=Windows_NT
PROCESSOR_IDENTIFIER=AMD64 Family 16 Model 4 Stepping 3, AuthenticAMD



---------------  S Y S T E M  ---------------

OS: Windows 8 , 64 bit Build 9200 

CPU:total 2 (2 cores per cpu, 1 threads per core) family 16 model 4 stepping 3, cmov, cx8, fxsr, mmx, sse, sse2, sse3, popcnt, mmxext, 3dnowpref, lzcnt, sse4a, tsc, tscinvbit, tscinv

Memory: 4k page, physical 4191796k(1277068k free), swap 4191796k(2192k free)

vm_info: Java HotSpot(TM) 64-Bit Server VM (24.51-b03) for windows-amd64 JRE (1.7.0_51-b13), built on Dec 18 2013 18:40:56 by "java_re" with unknown MS VC++:1600

time: Tue Jun 16 18:12:48 2015
elapsed time: 13 seconds

